21/03/2023:10:37:04 395 [Calculator.java] [INFO] myCalculator.Calculator [SQUARE ROOT] - 2
21/03/2023:10:37:04 412 [Calculator.java] [INFO] myCalculator.Calculator [SQUARE ROOT ANSWER] - 1.4142135623730951
21/03/2023:10:37:07 184 [Calculator.java] [INFO] myCalculator.Calculator [SQUARE ROOT] - 4
21/03/2023:10:37:07 185 [Calculator.java] [INFO] myCalculator.Calculator [SQUARE ROOT ANSWER] - 2.0
21/03/2023:10:37:09 589 [Calculator.java] [INFO] myCalculator.Calculator [SQUARE ROOT] - 6
21/03/2023:10:37:09 589 [Calculator.java] [INFO] myCalculator.Calculator [SQUARE ROOT ANSWER] - 2.449489742783178
21/03/2023:10:37:33 236 [Calculator.java] [INFO] myCalculator.Calculator [FACTORIAL] - 5
21/03/2023:10:37:33 237 [Calculator.java] [INFO] myCalculator.Calculator [FACTORIAL ANSWER] - 120
21/03/2023:10:37:34 930 [Calculator.java] [INFO] myCalculator.Calculator [FACTORIAL] - 4
21/03/2023:10:37:34 932 [Calculator.java] [INFO] myCalculator.Calculator [FACTORIAL ANSWER] - 24
21/03/2023:10:37:36 605 [Calculator.java] [INFO] myCalculator.Calculator [FACTORIAL] - 7
21/03/2023:10:37:36 606 [Calculator.java] [INFO] myCalculator.Calculator [FACTORIAL ANSWER] - 5040
21/03/2023:10:37:38 185 [Calculator.java] [INFO] myCalculator.Calculator [FACTORIAL] - 9
21/03/2023:10:37:38 186 [Calculator.java] [INFO] myCalculator.Calculator [FACTORIAL ANSWER] - 362880
21/03/2023:10:37:41 601 [Calculator.java] [INFO] myCalculator.Calculator [LOGARITHM] - 4
21/03/2023:10:37:41 603 [Calculator.java] [INFO] myCalculator.Calculator [LOGARITHM ANSWER] - 1.3862943611198906
21/03/2023:10:37:42 997 [Calculator.java] [INFO] myCalculator.Calculator [LOGARITHM] - 6
21/03/2023:10:37:42 998 [Calculator.java] [INFO] myCalculator.Calculator [LOGARITHM ANSWER] - 1.791759469228055
21/03/2023:10:37:44 270 [Calculator.java] [INFO] myCalculator.Calculator [LOGARITHM] - 8
21/03/2023:10:37:44 271 [Calculator.java] [INFO] myCalculator.Calculator [LOGARITHM ANSWER] - 2.0794415416798357
21/03/2023:10:37:47 274 [Calculator.java] [INFO] myCalculator.Calculator [POWER] - 4 AND 4
21/03/2023:10:37:47 275 [Calculator.java] [INFO] myCalculator.Calculator [POWER ANSWER] - 256.0
21/03/2023:10:37:51 912 [Calculator.java] [INFO] myCalculator.Calculator [POWER] - 5 AND 5
21/03/2023:10:37:51 913 [Calculator.java] [INFO] myCalculator.Calculator [POWER ANSWER] - 3125.0
21/03/2023:10:37:54 490 [Calculator.java] [INFO] myCalculator.Calculator [POWER] - 6 AND 7
21/03/2023:10:37:54 491 [Calculator.java] [INFO] myCalculator.Calculator [POWER ANSWER] - 279936.0
21/03/2023:10:37:58 884 [Calculator.java] [INFO] myCalculator.Calculator [SQUARE ROOT] - 8
21/03/2023:10:37:58 885 [Calculator.java] [INFO] myCalculator.Calculator [SQUARE ROOT ANSWER] - 2.8284271247461903
21/03/2023:10:38:01 826 [Calculator.java] [INFO] myCalculator.Calculator [SQUARE ROOT] - 79
21/03/2023:10:38:01 827 [Calculator.java] [INFO] myCalculator.Calculator [SQUARE ROOT ANSWER] - 8.888194417315589
21/03/2023:10:38:04 741 [Calculator.java] [INFO] myCalculator.Calculator [SQUARE ROOT] - 81
21/03/2023:10:38:04 742 [Calculator.java] [INFO] myCalculator.Calculator [SQUARE ROOT ANSWER] - 9.0
21/03/2023:10:38:08 313 [Calculator.java] [INFO] myCalculator.Calculator [LOGARITHM] - 23
21/03/2023:10:38:08 314 [Calculator.java] [INFO] myCalculator.Calculator [LOGARITHM ANSWER] - 3.1354942159291497
